<?xml version="1.0" encoding="UTF-8"?>
<testsuite name="me.sonam.email.EmailServiceIntegTest" tests="2" skipped="0" failures="0" errors="0" timestamp="2023-06-15T03:18:11" hostname="Sonams-MacBook-Pro.local" time="0.005">
  <properties/>
  <testcase name="sendEmail()" classname="me.sonam.email.EmailServiceIntegTest" time="0.002"/>
  <testcase name="sendNullEmail()" classname="me.sonam.email.EmailServiceIntegTest" time="0.002"/>
  <system-out><![CDATA[
  .   ____          _            __ _ _
 /\\ / ___'_ __ _ _(_)_ __  __ _ \ \ \ \
( ( )\___ | '_ | '_| | '_ \/ _` | \ \ \ \
 \\/  ___)| |_)| | | | | || (_| |  ) ) ) )
  '  |____| .__|_| |_|_| |_\__, | / / / /
 =========|_|==============|___/=/_/_/_/
 :: Spring Boot ::                (v3.1.0)

2023-06-14T21:18:11.810-06:00  INFO 24234 --- [    Test worker] me.sonam.email.EmailServiceIntegTest     : Starting EmailServiceIntegTest using Java 17.0.7 with PID 24234 (started by sonamsamdupkhangsar in /Users/sonamsamdupkhangsar/Documents/github/email-rest-service)
2023-06-14T21:18:11.810-06:00 DEBUG 24234 --- [    Test worker] me.sonam.email.EmailServiceIntegTest     : Running with Spring Boot v3.1.0, Spring v6.0.9
2023-06-14T21:18:11.810-06:00  INFO 24234 --- [    Test worker] me.sonam.email.EmailServiceIntegTest     : The following 1 profile is active: "localdevtest"
2023-06-14T21:18:11.849-06:00  INFO 24234 --- [    Test worker] me.sonam.MockConfig                      : mocking javaMailSender bean
2023-06-14T21:18:11.850-06:00  INFO 24234 --- [    Test worker] me.sonam.email.EmailService              : send email on post construct
2023-06-14T21:18:11.851-06:00  INFO 24234 --- [    Test worker] me.sonam.email.EmailService              : send email with javaMailSender: from: test@sonam.email,
 to: test1@sonam.email,
 subject: hello, testing, body: hello testing body
2023-06-14T21:18:11.851-06:00  INFO 24234 --- [    Test worker] me.sonam.email.EmailService              : email sent
2023-06-14T21:18:11.866-06:00  INFO 24234 --- [    Test worker] me.sonam.email.EmailServiceIntegTest     : Started EmailServiceIntegTest in 0.09 seconds (process running for 3.448)
2023-06-14T21:18:11.868-06:00  INFO 24234 --- [    Test worker] me.sonam.email.EmailServiceIntegTest     : sending email to service
2023-06-14T21:18:11.869-06:00  INFO 24234 --- [    Test worker] me.sonam.email.EmailService              : send email with javaMailSender: from: from@1234domain.com,
 to: to@sonam.me,
 subject: subject, body: body
2023-06-14T21:18:11.869-06:00  INFO 24234 --- [    Test worker] me.sonam.email.EmailService              : email sent
2023-06-14T21:18:11.872-06:00  INFO 24234 --- [    Test worker] me.sonam.email.EmailServiceIntegTest     : sending email to service
2023-06-14T21:18:11.872-06:00  INFO 24234 --- [    Test worker] me.sonam.email.EmailService              : send email with javaMailSender: from: null,
 to: null,
 subject: null, body: null
2023-06-14T21:18:11.872-06:00  INFO 24234 --- [    Test worker] me.sonam.email.EmailService              : email sent
]]></system-out>
  <system-err><![CDATA[]]></system-err>
</testsuite>
