<?xml version="1.0" encoding="UTF-8"?>
<testsuite name="me.sonam.email.LivenessReadinesslRestServiceIntegTest" tests="2" skipped="0" failures="0" errors="0" timestamp="2023-06-15T03:18:13" hostname="Sonams-MacBook-Pro.local" time="0.012">
  <properties/>
  <testcase name="readiness()" classname="me.sonam.email.LivenessReadinesslRestServiceIntegTest" time="0.006"/>
  <testcase name="liveness()" classname="me.sonam.email.LivenessReadinesslRestServiceIntegTest" time="0.005"/>
  <system-out><![CDATA[
  .   ____          _            __ _ _
 /\\ / ___'_ __ _ _(_)_ __  __ _ \ \ \ \
( ( )\___ | '_ | '_| | '_ \/ _` | \ \ \ \
 \\/  ___)| |_)| | | | | || (_| |  ) ) ) )
  '  |____| .__|_| |_|_| |_\__, | / / / /
 =========|_|==============|___/=/_/_/_/
 :: Spring Boot ::                (v3.1.0)

2023-06-14T21:18:12.707-06:00  INFO 24234 --- [    Test worker] e.LivenessReadinesslRestServiceIntegTest : Starting LivenessReadinesslRestServiceIntegTest using Java 17.0.7 with PID 24234 (started by sonamsamdupkhangsar in /Users/sonamsamdupkhangsar/Documents/github/email-rest-service)
2023-06-14T21:18:12.707-06:00 DEBUG 24234 --- [    Test worker] e.LivenessReadinesslRestServiceIntegTest : Running with Spring Boot v3.1.0, Spring v6.0.9
2023-06-14T21:18:12.707-06:00  INFO 24234 --- [    Test worker] e.LivenessReadinesslRestServiceIntegTest : The following 1 profile is active: "localdevtest"
2023-06-14T21:18:12.869-06:00  INFO 24234 --- [    Test worker] me.sonam.MockConfig                      : mocking javaMailSender bean
2023-06-14T21:18:12.870-06:00  INFO 24234 --- [    Test worker] me.sonam.email.EmailService              : send email on post construct
2023-06-14T21:18:12.870-06:00  INFO 24234 --- [    Test worker] me.sonam.email.EmailService              : send email with javaMailSender: from: test@sonam.email,
 to: test1@sonam.email,
 subject: hello, testing, body: hello testing body
2023-06-14T21:18:12.870-06:00  INFO 24234 --- [    Test worker] me.sonam.email.EmailService              : email sent
2023-06-14T21:18:12.877-06:00 DEBUG 24234 --- [    Test worker] m.sonam.security.AuthenticationManager   : instantiating authenticationManager
2023-06-14T21:18:12.881-06:00  INFO 24234 --- [    Test worker] me.sonam.email.WebClientDevConfig        : returning non-loadbalanced webclient
2023-06-14T21:18:12.882-06:00  INFO 24234 --- [    Test worker] me.sonam.email.EmailRouter               : building email router function
2023-06-14T21:18:12.883-06:00  INFO 24234 --- [    Test worker] me.sonam.email.LivenessReadinessRouter   : building email router function
2023-06-14T21:18:12.896-06:00 DEBUG 24234 --- [    Test worker] m.sonam.security.SecurityConfiguration   : permitPath: Permit{path=[PermitPath{path='/api/health/*', httpMethods='null', scopes='null'}]}
2023-06-14T21:18:12.896-06:00  INFO 24234 --- [    Test worker] m.sonam.security.SecurityConfiguration   : path: 'PermitPath{path='/api/health/*', httpMethods='null', scopes='null'}'
2023-06-14T21:18:12.896-06:00  INFO 24234 --- [    Test worker] m.sonam.security.SecurityConfiguration   : scope is null and path.httpMethods is null so permitAll to path: '/api/health/*'
2023-06-14T21:18:13.028-06:00  INFO 24234 --- [    Test worker] e.LivenessReadinesslRestServiceIntegTest : Started LivenessReadinesslRestServiceIntegTest in 0.347 seconds (process running for 4.61)
2023-06-14T21:18:13.032-06:00  INFO 24234 --- [    Test worker] e.LivenessReadinesslRestServiceIntegTest : check readiness endpoint
2023-06-14T21:18:13.033-06:00 DEBUG 24234 --- [     parallel-9] m.s.security.SecurityContextRepository   : security context load check
2023-06-14T21:18:13.034-06:00 DEBUG 24234 --- [    parallel-10] m.s.s.h.ReactiveRequestContextFilter     : request: /api/health/readiness
2023-06-14T21:18:13.038-06:00  INFO 24234 --- [    Test worker] e.LivenessReadinesslRestServiceIntegTest : check liveness endpoint
2023-06-14T21:18:13.039-06:00 DEBUG 24234 --- [    parallel-11] m.s.security.SecurityContextRepository   : security context load check
2023-06-14T21:18:13.040-06:00 DEBUG 24234 --- [    parallel-12] m.s.s.h.ReactiveRequestContextFilter     : request: /api/health/liveness
]]></system-out>
  <system-err><![CDATA[]]></system-err>
</testsuite>
