<?xml version="1.0" encoding="UTF-8"?>
<testsuite name="me.sonam.email.JwtAuthConsumerIntegTest" tests="1" skipped="0" failures="0" errors="0" timestamp="2023-06-15T03:18:11" hostname="Sonams-MacBook-Pro.local" time="0.791">
  <properties/>
  <testcase name="TestAndSecretAreSet(MockServer)" classname="me.sonam.email.JwtAuthConsumerIntegTest" time="0.791"/>
  <system-out><![CDATA[2023-06-14T21:18:12.136-06:00  INFO 24234 --- [    Test worker] m.sonam.email.JwtAuthConsumerIntegTest   : starting mock server
2023-06-14T21:18:12.450-06:00  INFO 24234 --- [    Test worker] m.sonam.email.JwtAuthConsumerIntegTest   : asserting 200 for success from mock server response
2023-06-14T21:18:12.485-06:00  INFO 24234 --- [    Test worker] m.sonam.email.JwtAuthConsumerIntegTest   : assert json body contains valid
2023-06-14T21:18:12.488-06:00  INFO 24234 --- [    Test worker] m.sonam.email.JwtAuthConsumerIntegTest   : body: {"audience":"eKiRgM9K0ptuJ90sYImB","subject":"e3v6uToGB3GIvGFxbBay","id":"835a0b23-3d7b-4ffb-aefb-c21d7c934165","issuer":"sonam.cloud"}
2023-06-14T21:18:12.489-06:00  INFO 24234 --- [    Test worker] m.sonam.email.JwtAuthConsumerIntegTest   : pactDslJsonBody.body: {"audience":"string","subject":"string","id":"e2490de5-5bd3-43d5-b7c4-526e33f71304","issuer":"sonam.cloud"}
]]></system-out>
  <system-err><![CDATA[]]></system-err>
</testsuite>
